<?xml version="1.0" encoding="UTF-8"?>
<testng-results skipped="0" failed="0" ignored="0" total="1" passed="1">
  <reporter-output>
  </reporter-output>
  <suite name="Default suite" duration-ms="19926" started-at="2018-08-17T14:38:18Z" finished-at="2018-08-17T14:38:38Z">
    <groups>
    </groups>
    <test name="Default test" duration-ms="19926" started-at="2018-08-17T14:38:18Z" finished-at="2018-08-17T14:38:38Z">
      <class name="test.Test_login">
        <test-method status="PASS" signature="open()[pri:0, instance:test.Test_login@87f383f]" name="open" duration-ms="19879" started-at="2018-08-17T14:38:18Z" finished-at="2018-08-17T14:38:38Z">
          <reporter-output>
          </reporter-output>
        </test-method> <!-- open -->
      </class> <!-- test.Test_login -->
    </test> <!-- Default test -->
  </suite> <!-- Default suite -->
</testng-results>
